[09/07/2017 09:30:01] GET FILE LIST

[09/07/2017 09:40:01] GET FILE LIST

[09/07/2017 09:50:01] GET FILE LIST

[09/07/2017 10:00:01] GET FILE LIST

[09/07/2017 10:10:01] GET FILE LIST

[09/07/2017 10:10:01] https://dl-media.viber.com/5/media/2/short/any/sig/image/0x0/66aa/15050ca857f558f7f3504645f89a8be4379000d718750a059682834b5d3566aa.jpg?Expires=1499580208&Signature=FpKXSS7DKwKkHzYpt96tAJwS9W-YyZMzdKK645YDQiF18OXFa43aiPPLKLh0Pj0SUc4sZPt8uIFIRUo~GAWLgR5wHD7viAcSWvEGpoZXrZm4Y5CRaZ6Qe6cBPwZYGi8XviF13V11uo~VIA78XQ2m0Qxd3Pb8YFHQdQrnVljqF4PAJr3GU0s7fAu8D4XCDihSP1G-H~zEmrN0E4-knTE9DBGrqVHhTf0GjOSyMNABG0xoNWygV9ksmk5X86KAMp4hPatOwI9eE8r6BTnep1HkWttbP4VZ3aA-oi~cJN4Wvw379Wk5MrUjdH2erqbXRLwOz1XmhIB~NNynghl8kQEBKw__&Key-Pair-Id=APKAJ62UNSBCMEIPV4HA

[09/07/2017 10:10:04] https://dl-media.viber.com/5/media/2/short/any/sig/image/0x0/433a/063ec61db9918fc1c6f23fbeb2889bbae3d0e08b220a8ee7f97178ba7438433a.jpg?Expires=1499580273&Signature=F0O-CsR1twRqONiVQxvMTjlgT2obPy~oSOHsjdW59cc-BwsIxh~aUjL2xcSDYvK-ud4fDEITkVL~4nWSK1TEZ6XTOID4OCUCR~ZpxPmBaacdBbhSKWVTxPcdQwmpeOVhTnhWUdHnNqRnmUWnbdu0luRUqkaviaIQGuOsvsyhx7EFQ1ptXXuqlXiXT5hyDYE00oTBTfGnJZTvuz1gHLqUJXrlCi5e6IAGHkmgZKQOIaGoEiZzKvqlmrBW4cPUrfBb2lTrEM4r2zT0kJMrBcxrbQmTgRRrZm97by3rm-uzws6nL3dj4NGaYCRCivm1Y3jQh6qIe~rmNmPTKQp8W0BQIA__&Key-Pair-Id=APKAJ62UNSBCMEIPV4HA

[09/07/2017 10:10:08] https://dl-media.viber.com/5/media/2/short/any/sig/image/0x0/433a/063ec61db9918fc1c6f23fbeb2889bbae3d0e08b220a8ee7f97178ba7438433a.jpg?Expires=1499580273&Signature=F0O-CsR1twRqONiVQxvMTjlgT2obPy~oSOHsjdW59cc-BwsIxh~aUjL2xcSDYvK-ud4fDEITkVL~4nWSK1TEZ6XTOID4OCUCR~ZpxPmBaacdBbhSKWVTxPcdQwmpeOVhTnhWUdHnNqRnmUWnbdu0luRUqkaviaIQGuOsvsyhx7EFQ1ptXXuqlXiXT5hyDYE00oTBTfGnJZTvuz1gHLqUJXrlCi5e6IAGHkmgZKQOIaGoEiZzKvqlmrBW4cPUrfBb2lTrEM4r2zT0kJMrBcxrbQmTgRRrZm97by3rm-uzws6nL3dj4NGaYCRCivm1Y3jQh6qIe~rmNmPTKQp8W0BQIA__&Key-Pair-Id=APKAJ62UNSBCMEIPV4HA

[09/07/2017 10:20:01] GET FILE LIST

[09/07/2017 10:30:01] GET FILE LIST

[09/07/2017 10:40:01] GET FILE LIST

[09/07/2017 10:50:01] GET FILE LIST

[09/07/2017 11:00:01] GET FILE LIST

[09/07/2017 11:10:01] GET FILE LIST

[09/07/2017 11:10:01] https://dl-media.viber.com/4/media/2/short/any/sig/image/0x0/f51c/c6dcdb85ffe91911ee0124664602f0b6eab5230560a750acd240ec047134f51c.jpg?Expires=1499583746&Signature=nh6DGl-8k0VXQoELN0ubKBq2s5Qp2WdvU9NSXO2Xuh7zSk8-Fdx6oRl~Xf4mYWMuNhantecoFXvvYZX1yXTassTHiE87dgdbiOqW9yriqj2BDPBaL6jJb1eg1SgnklkSKF93SQzy1gGtXAGNv31s93-WkQRjR7HFSdayfY~N0frUMsHC~C0ZIaUYPZFWchY44HX3oB3JmT7tagGjSYSeDBXbPjR0kcAM7FfjzGnqe2YUQ6SySiDWFN-CIYz0JRmmM~xYniU6lMq109gYR9ScH~Ns7RrQHF3hpEFi2mdt-L1YY-lssvZRFGSONolz1ah7VaBqnWSIJiqPb5X2P5grdg__&Key-Pair-Id=APKAJ62UNSBCMEIPV4HA

[09/07/2017 11:20:02] GET FILE LIST

[09/07/2017 11:30:01] GET FILE LIST

[09/07/2017 11:40:01] GET FILE LIST

[09/07/2017 11:50:01] GET FILE LIST

[09/07/2017 12:00:01] GET FILE LIST

[09/07/2017 12:10:02] GET FILE LIST

[09/07/2017 12:20:01] GET FILE LIST

[09/07/2017 12:30:02] GET FILE LIST

[09/07/2017 12:30:02] https://dl-media.viber.com/4/media/2/short/any/sig/image/0x0/cfdf/eed4fb5807b0d8b9f488e453aead268e0694b346e2b1a4e6a0b1dd4a69b2cfdf.jpg?Expires=1499588477&Signature=Yp7MOl~swRSqpqfTW5zWJH3Th~zL4-W7glvAEkIFo~jfiogIGtXp7gDX--GNRhDj5~FF7KAW7JOD1NSps9dx~2rYD0u9qE5qVofII3oYYm12Q3Y7xFCdSMYKQXoBSpIiAus~U7Kj4LfAG79YRp1r2IEnzYdDE-O3kGB5JTt3Ce~iq22f1CzfAiTJOi4pH7sqAyTKGJ9VYezYQGSbUsxx7KZFP7AT9cezNNrlhEDT8BOlU0Hwk8~0TOs04G-SOQLr0FR6ql7riOEMMDHe4g2OWHbtEqg8YTclSYzyOKA5qInrLs-mr0dm4Dc2k2qHIYrrcUTAPYgyUxUaJzBkNJ0jMA__&Key-Pair-Id=APKAJ62UNSBCMEIPV4HA

[09/07/2017 12:40:02] GET FILE LIST

[09/07/2017 12:50:01] GET FILE LIST

[09/07/2017 12:50:02] https://dl-media.viber.com/4/media/2/short/any/sig/image/0x0/3bb4/1e955624388a993b067d5f787c1fbbe1907ed0580558d83f329cb530e41b3bb4.jpg?Expires=1499589637&Signature=a8TtW7tUk4LJwtt2KsxKDGo9iAbtJlCJckOkHjPVkXT40LtYqDfOuo62oOO65k-BFkKhVSSOQ9vM5rWeA4yuAFINEZs-d2IMAISbCcwr0QKvrC7ZHjyvLvRQoZmf4Idb2clZqjDeJf2BlCl0zx78IEaqE2JPDl3rKb-T96D1f0MiQ9CfUPT10IlTzzoHVrkY4i-LYn0hDbLUw3BWAnVcyc7WZ4GVVKgoE1CLWALeXKFSlwqyXNOppQ~LxnSRnjKdONly1zeK3AWhU8q3vOzY1QzOFF~wTSxh3NotonP17oBD10vu1XMJoEQIxpPLWs9123XnIOsAuzmNkv4hTHJMXA__&Key-Pair-Id=APKAJ62UNSBCMEIPV4HA

[09/07/2017 13:00:01] GET FILE LIST

[09/07/2017 13:10:01] GET FILE LIST

[09/07/2017 13:20:02] GET FILE LIST

[09/07/2017 13:30:01] GET FILE LIST

[09/07/2017 13:40:01] GET FILE LIST

[09/07/2017 13:50:02] GET FILE LIST

[09/07/2017 13:50:02] https://dl-media.viber.com/5/media/2/short/any/sig/image/0x0/8fae/1a26d9ac91f6e4c7a27b7e91560aa1817bad814020f8a7901b48ec32d8568fae.jpg?Expires=1499593484&Signature=vGaRbVwIWEINKnGdI9VTlQkVpu5pzQYN1ZOy~qKkugEEx~vAW8hQSNsLwlxuXR0uZy84ZnV9ClBSbH~pOqGJLTbbtKlbHOZ1TY0fLFIOdXFwg68LEw5YmyoZ2kSIqfl1A~TleYjSeS23Al2e~QhOWyWCwFxxINd2MPAqgyQ0Bmx-dq1Z6CS61NnjImC3yJNItLbvOjWxuw5uP2karbFFpo~Pxnw4SLmIvUJQ5oVIAF5proIuYueFhmneGV1SAn7E4ZMCUfOn94MFXoa0y-HHQfKG0E6aBQtkhodzPH0Yi2IQaKoVt231ptTlmM~-W9T6sZQ40L71NulonyEJkDkuOg__&Key-Pair-Id=APKAJ62UNSBCMEIPV4HA

[09/07/2017 14:00:01] GET FILE LIST

[09/07/2017 14:10:01] GET FILE LIST

[09/07/2017 14:20:02] GET FILE LIST

[09/07/2017 14:30:01] GET FILE LIST

[09/07/2017 14:40:01] GET FILE LIST

[09/07/2017 14:50:01] GET FILE LIST

[09/07/2017 15:00:01] GET FILE LIST

[09/07/2017 15:10:01] GET FILE LIST

[09/07/2017 15:10:01] https://dl-media.viber.com/4/media/2/short/any/sig/image/0x0/0f01/ed04e63eb4465c9aee8a042d1b62ba4f0f2e894fa85739f7eb73cb161f020f01.jpg?Expires=1499598151&Signature=MIFBRkyyEoGqxBN-To3lCU6O6NlBg0zq1vJ1VXEltZX4NhzFxBWgZKuR6AXVmr9DRHfA6YYaGS5NWYl1uHIC8tWINP~ZzB4kmVTOtHnmMCzVuULE7sVe8qJh7Pp4oryy5OsDadqt8PTmZ70-R8-Q5CNIiVJ3U9f5suDuq5jg4ufAT05JRvijUxPD53~KbG~oC7W-iOqNT7VodIxc282NJL5xNFObz5KgkdtfAq-lQXvan8AlcQgQQ4lglQYBgCiXAH7~WXeG0UywnXp4ICji2-vMIJUiqRUwwpIK-K5B6iUxQbI4SV-EugqNacVCIlKt6qwfzIjevlhpqlsdUXBCDA__&Key-Pair-Id=APKAJ62UNSBCMEIPV4HA

[09/07/2017 15:20:01] GET FILE LIST

[09/07/2017 15:30:01] GET FILE LIST

[09/07/2017 15:30:01] https://dl-media.viber.com/4/media/2/short/any/sig/image/0x0/42c9/e38f1fa5d285f8ab32e544d1ab98c36dfc471233bac556edfce13f8c614342c9.jpg?Expires=1499599596&Signature=ZQvkYpP924~HKmXRN-nebSQpWSmPjRrtXtB7-GBp54t9JX497SabipH9k~0xLF4jkil0pC92ad0xfIlhH1OoRCj6MUwYBgCTIauI87tjBgKNoq2F5iOFQ5Y0X-KXxVoXliIdIRLYIudz6BPlmmop9eEkrszdE232NQo4E9-bRsGphFF4~x~FhMrqluM1yC1Ldx313cuDNS18H6EuUZlV4QNE27V8JRcrfdbi0UzK3LGVkbIsmyrb8AOpv409Fda0AvHtvtow8rSXFJSILI7og1m-19~3Pg-qR8a-lT-gSIsQAyROPfvMg7RuJPWJ-GTGQTOnIv-4FKnThqRCMYP3Hg__&Key-Pair-Id=APKAJ62UNSBCMEIPV4HA

[09/07/2017 15:30:05] https://dl-media.viber.com/4/media/2/short/any/sig/image/0x0/5d26/db054fe7a12c3d4e4d5c91d547a3cbc38affbb74666a93436499bcef0bd15d26.jpg?Expires=1499599605&Signature=g2Yj0GQLbzFGNtElADUwNHgkYjbizVJ~75pZvVZXPc3wKatSOObmBpg9jy5ns8GcIs9F7F2LH~AfoAA30wzeJ9V3U-o6g5hlrihTlMq8mhyMXjzoUx4jfD-O0W1boadCH3WUXdYp2OMkYzka2e1bVoPlOKTtPbBXuVwh-vvtsVHGnHQtDZ9767ed4Jmycbnh2u0XtN-knJmchPXj9jb0X8TvXUfDovm7IHV4UbgOXPmUyZeFVHw0dvYcOm4G95s6aZHvIgOQA7bC5hFS94erFmO~0Vb59VwTc9MwmBux6WYSHLISDscW68NoHaGQSg2hWUkURlcNQzNSL1VwT4XIMA__&Key-Pair-Id=APKAJ62UNSBCMEIPV4HA

[09/07/2017 15:30:12] https://dl-media.viber.com/4/media/2/short/any/sig/image/0x0/3745/b3e3f32f4d665687eda15f1c9315ca60f0571cfbea07863da3792804d5f63745.jpg?Expires=1499599619&Signature=F~Ux0a4D4Ng4Afg04xBKVKhucbbcTjFh5odTT~MZc9XJgm2NCJqZl4tf~9GU4IETiQn4uR6PuwRuEWiKYF27~fckkK~GpLtZcLItABNe4foehg8MI2wQhKS3NvB1P-m3bZ3LpZ8W~ULqUAkE7VnFaM7GlVMy1Q8kVoKAlJDjk5y~2mcIuLk-eqhGWLoRDr4LZgWEWewEFbJH0VhxB-mj69R438DbTwNjR8PAsTbLjrCiOYRfd0IDRq9H7HPaOjxT6TWr1tNjag93WlDihPmvZUytZ6dFu8AevLTuu6MgPt4-l4QQ9t7kG66jGSwChznBN6itWDzzdAPDwEBFDmj4og__&Key-Pair-Id=APKAJ62UNSBCMEIPV4HA

[09/07/2017 15:40:05] GET FILE LIST

[09/07/2017 15:50:02] GET FILE LIST

[09/07/2017 16:00:01] GET FILE LIST

[09/07/2017 16:10:01] GET FILE LIST

[09/07/2017 16:20:01] GET FILE LIST

[09/07/2017 16:20:01] https://dl-media.viber.com/5/media/2/short/any/sig/image/0x0/2d28/9e767bb279829f1501c0cc3b85d7512f8779a4bac574661ed357df5dc93e2d28.jpg?Expires=1499602503&Signature=j5F0KH9dXFAAd4A~6QF59eKcynJcAf4vxzmep258Y17aquQhp56U-14wiWgaVscWWXu6CzSCqXTnlp5YtkjK~YgjYdPZpdRqCaUieZgxoOkjq9fTsy~fG96a5fiFVFioBO61cNr47vZAWnd57cAiby2TSW~1lha79Yy-7jVXqk4-8GsJJAFU4v3xiK8olRfhHXHtJqP2lJQTP7L9CQ95KQKqt0zsV4mtZGUdv1eGSYxmt4RPM7QpqiFVDo4Dv8TV78kIjCqPQTsasu9l~AubKC6GcrCLNrfzCB1FyMsqVzmCqPfo1s2hkS4~VU1jbaVgu5SOb8GIzRRufYTqItvZ~g__&Key-Pair-Id=APKAJ62UNSBCMEIPV4HA

[09/07/2017 16:20:07] https://dl-media.viber.com/5/media/2/short/any/sig/image/0x0/7da3/a87879c919c905b62af392954833c3a328396c106d2c2a9cce37b68a27267da3.jpg?Expires=1499602508&Signature=gxdC0AvPHjG5HjfhNhyGTztPGDtgvSDChN~r~FLjQPIGWzMk3LVAA9X48ltzCZHrWDsB-tF4yIIZsc3usAQg7aD66fSC5kYUnW58BnwRBtfxvV9XIB94ORWqKpWeoJPTUXYU6v3-2oEG0wklw9mjBZiLYO2cHibZNnnjLhaT~HIX4KLsDCSjL8PIfguAd7ovMJdLe1Mz1ym2lFw7sBPeFi3f0PT5y9WQalk-IzJrCRH0sZqHLsiCw55CtnF4W8tkdDV96b7HNYLi1KORxQZpSQpm~nR05bjsM9m3suXg-cxwPAwRuEah~8vUVU1oSq8r7yAervWdSLc6bEbYOqNLdQ__&Key-Pair-Id=APKAJ62UNSBCMEIPV4HA

[09/07/2017 16:20:13] https://dl-media.viber.com/5/media/2/short/any/sig/image/0x0/b254/d547c078f9584a1de5ea480a912b769fef269eeba4fba3097b40b48ab109b254.jpg?Expires=1499602511&Signature=ROBo~tHTQYCbwRIeNzdbvXQyg7c~hHnAnCpvK9Yl9-Qu4oS4eIgcSKRaq2OZ6oI~hC-nS94~~zaV02kfZVIvoJVhC21Ix28b2580GaLC8gGFWJhL0rPis9ogXFTpTfmb~hJA4H49qYilK9E4fFaNd78VgOYsxIFUM--ao~AjKNb3beVYCyqRgfDa00caTjVoT7At8ec0a6G7LA9YQdwtQIPuJF~3~Nvywa2sD2Mzpwp0eO6hOKRXU7V67OoIl37SSttd4C8P6PRk-6yMvZCsKmbeiFFzqFEwlFmpjx~cbqV~30ceR0ep~tia-0eF9oDsZ3gV3lrXalU35NifRV~VBA__&Key-Pair-Id=APKAJ62UNSBCMEIPV4HA

[09/07/2017 16:20:16] https://dl-media.viber.com/5/media/2/short/any/sig/image/0x0/57a2/537777c9dc3d6e09958a2e52e278f895f17766dcbec8a56070cc8725219e57a2.jpg?Expires=1499602513&Signature=W-~LXU~TmNVo2F-5GPH-fOhZuc4dxx3s1k~c-zRk8ofh8VSPDOurdg~c~qX6KOUT3Qc4YwL2fdV5ww2O7Sks7wgboYcNPDzil64pYDSOgd1UyZDRGzXrUvvZQFzhXT1zGBIfenihc-ZjL1H~m46HSAl6Tuz0lwJqwFtAw18ciuTUisNeI6QdZRMReR5he7lgkVNoHZExEWw1YHfr6CS71CQqVsmN~5axbwoOxrh~FCzK424poC8QlnSFXqtx9bZD1uQ3neqJ4wsbgIR~djDlFf4e8ai2f3i6psnDa8jghp1Tf1vfr-ZHTy0wgIybPn2UkvivDqfj0XCHGbpqMyCZhA__&Key-Pair-Id=APKAJ62UNSBCMEIPV4HA

[09/07/2017 16:20:21] https://dl-media.viber.com/5/media/2/short/any/sig/image/0x0/0b2f/eeca94bfc91bbd21b394d9d3995c939e0c00746d1b497c7f13ad906bfd800b2f.jpg?Expires=1499602561&Signature=eUAdKZRkb3E1xbfz~k2ZwPcjjP3jbZb68LjsnQl92RfpyPcV7UeqvVVHMC72wIiTd3uDEsIVueXqtK2aTUoa0QfzjW-7A~WBiWcckkXG-Kx8nkqg0OO726K5Ock-z6WkHEEznlq~mkzqX4p5I-jxxCJLeOydtVWl3~tDQPXi6Mjcl29pFJa10pmPOXn1OK0jicyVYh0j6RYZoRvEDO32XxvUYvczu6p7KU3b48o76yp6XbjHWGu2EcQNrkjYQ-UsphFdjmew8jY5GLWfMzdAM7Ao098mQYRPzXEQMrZ0fKyXCxuTZxwlB2rzgsPht-SYrCatRFyIUZ7jErrJOpUkDA__&Key-Pair-Id=APKAJ62UNSBCMEIPV4HA

[09/07/2017 16:20:25] https://dl-media.viber.com/5/media/2/short/any/sig/image/0x0/2d28/9e767bb279829f1501c0cc3b85d7512f8779a4bac574661ed357df5dc93e2d28.jpg?Expires=1499602503&Signature=j5F0KH9dXFAAd4A~6QF59eKcynJcAf4vxzmep258Y17aquQhp56U-14wiWgaVscWWXu6CzSCqXTnlp5YtkjK~YgjYdPZpdRqCaUieZgxoOkjq9fTsy~fG96a5fiFVFioBO61cNr47vZAWnd57cAiby2TSW~1lha79Yy-7jVXqk4-8GsJJAFU4v3xiK8olRfhHXHtJqP2lJQTP7L9CQ95KQKqt0zsV4mtZGUdv1eGSYxmt4RPM7QpqiFVDo4Dv8TV78kIjCqPQTsasu9l~AubKC6GcrCLNrfzCB1FyMsqVzmCqPfo1s2hkS4~VU1jbaVgu5SOb8GIzRRufYTqItvZ~g__&Key-Pair-Id=APKAJ62UNSBCMEIPV4HA

[09/07/2017 16:20:29] https://dl-media.viber.com/5/media/2/short/any/sig/image/0x0/d871/a3b58c205dd39a4e9efac11aaa640fe39f514d6894cdf1d4751096189be2d871.jpg?Expires=1499602570&Signature=X7Mcgui-AEhU87Wpz~8rZPqiCTdAZr0JEjRx346PCXE5lA7go6qavdBPnzKcX65GXuAWUrPD9gM73s9OWWoPHv2bMCoHzr9wk5eibKcYRM8elKbutytX1tSUgLEuN7MzoLeoRm8eGfStqZR44OpmSC3N3PZrlD2oFOXwRcI~-RxHQ5bljAdxZt5ATJFu7fkLjs8ETPQHgNjSwcceBWEsCTAMV4qgyJvk3vE7sO7WJRgVNEtpC7yqHS0F5RKAIeU3hxaX-HhvEFA9enYEtQVDjKcirkMr3RWdXgGPMSgDd7~S4zeageJhdJ-tyY6at-QMu6vZ3CRB6MLDniAAOxR8yg__&Key-Pair-Id=APKAJ62UNSBCMEIPV4HA

[09/07/2017 16:30:01] GET FILE LIST

[09/07/2017 16:40:01] GET FILE LIST

[09/07/2017 16:50:01] GET FILE LIST

[09/07/2017 17:00:01] GET FILE LIST

[09/07/2017 17:10:02] GET FILE LIST

[09/07/2017 17:20:01] GET FILE LIST

[09/07/2017 17:30:02] GET FILE LIST

[09/07/2017 17:40:01] GET FILE LIST

[09/07/2017 17:50:01] GET FILE LIST

[09/07/2017 18:00:01] GET FILE LIST

[09/07/2017 18:10:01] GET FILE LIST

[09/07/2017 18:20:01] GET FILE LIST

[09/07/2017 18:30:01] GET FILE LIST

[09/07/2017 18:40:01] GET FILE LIST

[09/07/2017 18:50:01] GET FILE LIST

[09/07/2017 19:00:01] GET FILE LIST

[09/07/2017 19:20:01] GET FILE LIST

[09/07/2017 19:30:01] GET FILE LIST

[09/07/2017 19:30:02] https://dl-media.viber.com/5/media/2/short/any/sig/image/0x0/3c77/ac7fb08c7c6da4a6372a460b57d8c678941e32c690862cdc9750069113573c77.jpg?Expires=1499613692&Signature=ESrPdjE2PsY~xOZNVjLfVqY05-Ph2rvgyRlci7FeLVTFzbnRpqUOmvv~ZNisrOONi7aBhb~Okrm~g1JExIEcIKDpEp~I52KXMdt8b0A7qADnkctgPPPQAw3jlwRMF97G2yk5WH9IjyrmO7UWlCWZgSTvyIKK4EER9abR0eOBQ1tpzoiMHzALcIL1InKLhYI6EJX--N0Ugmg4sWgevaa2ei8N2HTy8~64WSay2PovISnzO-SPQsy8vglZJEQdL2bU0ercfOrz1hAKCtOb-AnmagBZwayNyCxXWsrJ7g2vffJf6lawOy0NBCDYRxKZN1coKEcJPM6dyLlZr5A~fGX2yA__&Key-Pair-Id=APKAJ62UNSBCMEIPV4HA

[09/07/2017 19:30:05] https://dl-media.viber.com/5/media/2/short/any/sig/image/0x0/8b13/dd28fac80189568c3122858486af21a0b376dfb126869a133a831b66b7288b13.jpg?Expires=1499613695&Signature=kvJcTgDVjDa~YcHmlsgdUxRUepo25~xzYa83R3rNrMfFvdHOhJDkXipsdA9i4-9ZhEIIDnXCwk14gUeHq9vYY5DspRpvMBJxuvHfsRLvfpU6Px9Uxoip-lnjFDc47klx9eQjPHI2zC4~MFdDLbE8c08RoJvTh6VdK7-VJWAohp-SMcTagTHgQGkLQi5wevikDZnpa1pAk6DnccJMPcJuC8pYyWALRECVxgctjYlRUoMHrOEHu3uu2S8aIbvUzf~~iHwVElHx8R8tmj3a87CpwjAowTx7MAdWk4Lw9-19pItkikVyRPJhYOmxmn87MJrJackkK3NJIn1IOW4q5y7STQ__&Key-Pair-Id=APKAJ62UNSBCMEIPV4HA

[09/07/2017 19:30:10] https://dl-media.viber.com/5/media/2/short/any/sig/image/0x0/404c/749b61065e2230cff25858da245a2cc4de6a67473ed24a49a464ee099de0404c.jpg?Expires=1499613696&Signature=JR9sBsCGmK82N9EbaGWpEgkvEDeohUfNn-F1qqapH5PRVLgpZR3hpRknx2FenRYS47EK9AYD87O~aeYDx9s6QpE82E7jLICiCrXm06fUcKoPh2HDZQsL4QgWqhL-cBIYvGgVhTC8SDD4UsNFre9pSs5XP1VAbgu75paCN1wcfwOPWb2XHh24r6EpkmRqjPnM~xh4MqjdxSFShFCwEJZOdAITJ9aXsQjD0fZRgQGYAhRN7UILyUSi5UjnvqHpmVNz~~~eL4DDMhoyOGbi1blx6ObVhRZUMKYqNyGP1R0McSdVf7yvm9lV9Lm5Ck-7YU1Aoe3KcgeTIVoFuo07nIDVUQ__&Key-Pair-Id=APKAJ62UNSBCMEIPV4HA

[09/07/2017 19:30:17] https://dl-media.viber.com/5/media/2/short/any/sig/image/0x0/5d52/3d50d7fd4f5c711b6a1c1414ce941ef73d3e05ff6dcb64ab51de1057a4e25d52.jpg?Expires=1499613698&Signature=HmHJ8adOjIbdaBvqs1RHZ5F21ouYxqH7Fw2Ei9PVwTgsIxnrFa5UrI9qGWa6qoy9sHYSjFq5KfVTrKlWRDvWz2B9SAULdWC0abV689iwmWQqNjmsDbQaNPL0QYF-hqRUAB4XiwwXzLhruxbsv8e07RZtgIoMYHSedIcmRKRwR4zPSnhs-YYYORy6EGWF9Kew5J4KwfUvq92hlpsgprJ34f5BxlpmxcQ92xYD3Lm-8~-9VTYljRGJprFPlslClvm7bjUXiExlXpdiGNlJddgPhwPP5GA3fIbS6ef-a-bQWXWRol2msWAj3egkNuCNwpUvlkqpzYyJJylEWSp7rt9PzA__&Key-Pair-Id=APKAJ62UNSBCMEIPV4HA

[09/07/2017 19:30:23] https://dl-media.viber.com/5/media/2/short/any/sig/image/0x0/ed57/dd0b15d6f4324add1c4b7cdd88c01eccd5fb290b38d7cb8c5e43cc60bb67ed57.jpg?Expires=1499613701&Signature=SNBaQ4jlNAqgQJuP-eLr~d-p4TOLBiN4xiLIkwwygRgRb2rA9pIH7UcUuikR0lQCeNtgR-Jkx~Bj4nUgLiykucpx9AwWWebpUjIFlYpLYOiU4FRvgTRoOJnLy-9eLlswyKkvwO0-gT5R532QdVRMM1R~ApDGdlsgZflNeT0HlRw67HigKyuvNo0L4S~y2oqQU7P2Kw52UIuvgMxSvL2jnjSkctWcMLJQs7HiK~nDE~NAoEkMvsmjh2HJDYETRX2e5PpBnOqPAteMqLxcTtr7hwMlJfkiD~gnEcn9MSrkUZg569bR26Ad9qdjguplpjAciKXVcIo4ifNz7Rbvg2Gc8Q__&Key-Pair-Id=APKAJ62UNSBCMEIPV4HA

[09/07/2017 19:30:27] https://dl-media.viber.com/5/media/2/short/any/sig/image/0x0/e9f4/06e142ed68cfb794443871d033b567ae317cfc8eafbbe5fe782a90bceae5e9f4.jpg?Expires=1499613704&Signature=w9fUj0EiK-yod6OnkOqvS2I4rr1jXh17Hz6pYhbuE8O~lXLltQz~R-RT1AlmdIyxShM78A21ZrmnQ6kd1p~NLEO-yGIeGWjT528vSJ5xLX0Ib0cbuXtafWGj0W5p9glklYcJUFDsTY~ofrvQ5jkNIb8AsLDjWCjEsT0sz8UOcmPP-SpxEvOO3sZmXkZoMQ5CaOb5mJQ8zrCkLY58Fb8HAof2HgzzjjlNXLiWZXsdLfK-8VYODRamT--1aGx2h98CqEfwWRfZuyLpOUfqBJW3vSLg4c8uRGCuSQvRU0uqjJT5K-F2aUFSAEuMJ3p9WYYj8hKbwuNVrNwEwNrM2GPFNA__&Key-Pair-Id=APKAJ62UNSBCMEIPV4HA

[09/07/2017 19:40:01] GET FILE LIST

[09/07/2017 19:40:01] https://dl-media.viber.com/5/media/2/short/any/sig/image/0x0/5559/447c19cdc336b1002bff62b8dbadeff4e48b4bcc040e986c742d310ff01f5559.jpg?Expires=1499613706&Signature=cGm9m6v14CXXSFeoeUijZ75D2OwORoBjMcvy2ghNnJqykjssVYeIe0jv2h1b0uM4A3XTsGDHfJEaCrfPStNQvNPVnu-47Wswo9Zxmu9BC7X-QUf2VR~lOcDswKlPObreuuaJojQB19bksI4o55BzM8PtRJ07WsfaxTflS0~eTjXXK5Dy-9N6pet7yQzFlnBXTnv3jNSbxdBdWbT0lT76hhzunXpiytUlSBXJ46Grq5XYjO1bLv8Kin-B2FgM3QgqapA2C2GnpI6WGHo0CPzDur4titEVbF2ZUWFx8Chpn9qJwPmdcYxv1JqaxwnEKkBao7-u5cZyZASb5PSVkWDrYA__&Key-Pair-Id=APKAJ62UNSBCMEIPV4HA

[09/07/2017 19:40:04] https://dl-media.viber.com/5/media/2/short/any/sig/image/0x0/b4c2/99cf64fdf4d2f5e7658249632b2dc1f34a11e865bb129278b7754cbbd670b4c2.jpg?Expires=1499613709&Signature=fGOc-F8WpoXSbleV5v78HeCjx-FqT~szokh~zVoBnbbdCTyISwz81bFWrbZ3R834D18ObG5CTubthpvno3qw8lmLnGqoPZQfYiHvEUdu3ucmA4v~jW7YUf4dmCSQncoSiCipjKnF4i2hqrm6pR1JWXbG7Zm7ClmO5FAqXx6tuCKhkJp0pj4ssqv0KhnlszzQhlgFqNn~qO6VRQQ2yhlwBEpE4CZd7b5hED-dnDleCNOi07xRh2S4m7hOQvLbZCso~zoY1YjDgWclX3ct0YaQiuXZUHpSqACIo3dvIlCci7WtUcWeh1FK6ALiAgop5rjgVef3i70Yv5mBXV2H98GzNw__&Key-Pair-Id=APKAJ62UNSBCMEIPV4HA

[09/07/2017 19:40:07] https://dl-media.viber.com/5/media/2/short/any/sig/image/0x0/14d3/84e42bf38e323a62a0aa9070415c07d6f3d000dc7cbeaa23a52bc41b076a14d3.jpg?Expires=1499613710&Signature=ZPXCMaZH8VsjrP4A9T8ZpvUJ0iHZ8gX~BnN9AKN~hC6DkSxGbd-hi9LvvbvD0O2G-AKy5SXR3Ur9kGcPbPTLiavZv6uio2J3KNHytRCkS2yeRw~tzUkysAiv4KpMAVwVap8g07wK~2Gwh0YSU1cytv06kwQtLUGQ6Ep2v-9axJbU-Rm5C2igSlXN6-cUFtV8Jn1SR6hjCmase3BPw8XWdc2X2dpD7xNoq5XnfQAFG2F9xxRHuMAoauDDP35Ij0YZ54ivDNfbM1AQ44dHhJ3K3aJwR-e57tHQV9u2vCEKgt7TbESkGkXJpvUaHwhpqTEG~IlwVmhmb~erAOQFHG8FSA__&Key-Pair-Id=APKAJ62UNSBCMEIPV4HA

[09/07/2017 19:40:10] https://dl-media.viber.com/5/media/2/short/any/sig/image/0x0/6a9c/c5927f60fef78ea0462ad23650c4c7ac3db209c31650c5dcc4e29d864ed56a9c.jpg?Expires=1499613755&Signature=YyaRJ7YjSqv6A2FBHyOl~bfE6bngY1BvHfiq6B5ogO~gGrA0DVDWUYCbUXVG6Pv01p7649WN9CxrT6b8j4Os5gEk0j9DQcur81PgBNAjXBWgODKZBeVokBijvJehPw05QzF8L8KNqlvPTL4~m1RhDpecEwWaav1wjNXz-ZGM82llWfMPdRmpagUU7vKXLsc5I40y9YqlkyJzywZD~m5EIzYHmRRv94QDUkQXwo8tx6jQk~ISbwzFiVhaWpavL07wxmNz9iOV267MivJTwLLJWUUndhSYPJUxwguJvU8iAjysnCXVMY8lZbF2q46rN3FArCwBbJSSPeWeTHyEFFFRuA__&Key-Pair-Id=APKAJ62UNSBCMEIPV4HA

[09/07/2017 19:40:13] https://dl-media.viber.com/5/media/2/short/any/sig/image/0x0/896f/d6bffd5f4845907df52bf2303a4bcc68be8ff36d3a30b03c01116da436ea896f.jpg?Expires=1499613759&Signature=mDWjA1A42tO8uUXtmKKnH6APiXNfsfZwLm05UjQzO3d2Tjj8j97bBGBTHYx0p~VtYvGIytdxRydQG04GhlZlgPp1DatqcKRpWPhnoF~T5qPENI83DPeIvpIBbbfIXWt9zHH0a-u5hXXkDscjcop7a01mOfFkQ8BAZ8PbfoelmfAdlLWFvdG4ydFL7a51q3epBziFB0bJuNjID4vMiYzfSvvQ4yyCfMcuFhedToPpzMnwBRRekT0-fIdSz~LPJ5E7vUrI1yXBDrghTmk-m6OYeUrLOoD-7jffD4b7EMM4i9eKEz9SbDupX-GIqnD7VLqBKfMhNFJQy~nH2MI1EcKPMg__&Key-Pair-Id=APKAJ62UNSBCMEIPV4HA

[09/07/2017 19:40:19] https://dl-media.viber.com/5/media/2/short/any/sig/image/0x0/868c/e9da36ded6b1b19250fc17183ee568886f00a2399706df4b989a0064e27b868c.jpg?Expires=1499613760&Signature=EbYJ317e7lqZA3P5vszgyKSwF77eLC-jZKfOYgvNCe28KH4~LphNoL0seFV0nhQVEVwrtr6FFMvakKbf5QXpzN3ziStf-mmN6Sw-iVbfaHbFnrG-DZVAt~dxi3pNEZ4AnbvYZLtPRIy0TSJE0kL8Vf1mL8h7FCN5woni8eUp8FyEgfSC7TwtasL4ZTOx8qxun1zIg9Xh63a0rlt~bU7z-WaTVYOoLJNG-TLd3VpBnWnZd00AQTFUn5YcIF-m370unnKXcS4PWKAWfWR1iSDpG19jn7Sr854qsIzAjOKhuen-ez~aVE-XPra53mbd-HLMSQhGXzJu9s4~ZsneRL~Gcw__&Key-Pair-Id=APKAJ62UNSBCMEIPV4HA

[09/07/2017 19:40:21] https://dl-media.viber.com/5/media/2/short/any/sig/image/0x0/fd6b/7664462b7bc9a8240c5b897df2620207268d259c9ef1d6d200bedf123339fd6b.jpg?Expires=1499613762&Signature=hs9ciVOdn--hjriRoE9e76Xl6tPhIHGL60AIBh2Ij6nEgLg48VeFwpkXgX1OBPh9aTc9wLpoYUrY4bIszKULZ5Cmxoe48w56rWwA6XUsC8YarRA8hD6~IivpzAMnSbATIlE9DyL~HUtcvhIujgOAG5W4uuAvPlrH4gwRonTik1rLhLdTq8iNlhX7h~9PpHFCDF3ExJlXvEU57BNdQZOpsDhoLBDGhIcCg~j--I5bJES61a2284Xc5GYLpRFmd~KkIbHswdcS5xTHRSWln4aJ7wJgQ4iSeNSt38wdXuQ4zsHo2B~RoRrt~WMYea6TpfhOO7fCX~f2jeQ8lt1gcVpBbA__&Key-Pair-Id=APKAJ62UNSBCMEIPV4HA

[09/07/2017 19:40:25] https://dl-media.viber.com/5/media/2/short/any/sig/image/0x0/e011/7c6af1c4d72bc12065e8d440fc66439ead941dde382d2f151da9b6226e76e011.jpg?Expires=1499613764&Signature=TYO2JyyIqVX-2jZjxnV2Af4aqnDiRAl7B79j0x7qyf5eDRFmKlaBPy3MATgteR-WxdUK3Rz5gkTsXql3MboKt4hPYB2SfFnLtzRuC5ovjqXmS1Pj98drjX-hkCYEnttXOVX2GKQKskI7436XDWgbvrXOgRxDzgTSonKlNoN-JAeu0LfpQmrX0GEJi4i~P4x5axsKVIPKm1td1pJ5~UffXPTVAz4IQOzY3G0Z6gHC9XIkfqFs2VAaD2~ar2IQTP69OWq2RMCyOVt2omnxQDxbVeYk7XDtPQ-6TdQ7wNtBWckQg2YnZcaG3Dz8imTQp7mjE8vkNyxKkvmE5D2BBePYeA__&Key-Pair-Id=APKAJ62UNSBCMEIPV4HA

[09/07/2017 19:40:30] https://dl-media.viber.com/5/media/2/short/any/sig/image/0x0/31e6/10379c1e39a189b6918636972acde3ea620a5cc81d440878b8105b374eb231e6.jpg?Expires=1499613766&Signature=ZizM1zqsa5oC~s~4nqyZ6NZ~oMPEMP5U4v5eljNfvUEfDs6U84G-XOP60MXzuFwNzGHmnKVCtSd7-tAbDYPfGkxTmseeYi011t5nG7eGcGjL~dsKP-y4JbCiJ9zJHFZiK2GGPD0~w4Qfqx9ZxKiuJiEW6-qfIdgPWufa0EJhLF3I7r-h5d~971-fTes3tgjVWwFMPeCped7xxu8Y1gjtHW6rDe0hrqKy~37bPx4dZUgJgAQfA4Dsbconus0m5SJ~lYREDzrnmFsRlUSQo2aHztNYqfAEPs~OV8qWJh0fUqtlTO7EdemaSrfZa5mCiuJAx238xOJ90~8HWSiG7nG66g__&Key-Pair-Id=APKAJ62UNSBCMEIPV4HA

[09/07/2017 19:40:32] https://dl-media.viber.com/5/media/2/short/any/sig/image/0x0/4751/c69c37c32953cff1af956681bdc5c8b8fbd61ebe6fd9c6b8dff83eb36c954751.jpg?Expires=1499613768&Signature=WP1bFY-oAo5C3aBiEUMO3T3~oXNw0r13lBDo8EhkXHkBDSgzqMmw-frRQ5oeaqS7mWeCQ1unq7AqlDV6164Fk7T6f0U0U7jWJ88NG2AzP9lrbAI4NnnZlvITlElNAoCKSraMzGj16Q8CHin5SlfeLisT1B4i~8sxwNSUle8XHhOKESfcZy36vaH8qMN-e2a125soTQh5z~4GaQ9W8Vu~tuA2kgV~y2GsgxtTk~2g61OiY-~v~zU890G3K2RYsHqaBouym-Ii8Xjun6vIKEOBaL-7rpmaLJjyNDQR33Q7bluu75l3IZIosDa-PDsm7r5jq3QGs7wljCW3~NOLI-5x-g__&Key-Pair-Id=APKAJ62UNSBCMEIPV4HA

[09/07/2017 19:40:35] https://dl-media.viber.com/5/media/2/short/any/sig/image/0x0/6531/6feb1850d5af47a071f8a7c23926a295aaa808c3305b8bb005ac41f53a736531.jpg?Expires=1499613770&Signature=waBBHPLCI4T3UkbqODDO6b52rfsOx4u4BKcwRkL9EAiwD-vfNIv5LNPd4oGj~zy3lO3Sac228kv-GILZVSp8nkMEB1wCaq-F36-SwydrjmyDxcZ2FLtvssjAos6ec5MmBc~aDEMdocObrjQyVJfNGqzDP5pxaZ4rmCJK4Ag81dpLWZZn68DAimNuoN70uQskL8ar~FXE0DcOVS886ZTaeIGD1aZr8q-KC6xBLoyIgejLfrPU1-bpIuoj8Jy79zmGVqRSxG-LumpsZxFUoBteOL2EG86RsqZzVUvZarCHejuwXL0bOyp~dTchiK3tX8ZyQdCuau~OnwlNO~E5pSl2qQ__&Key-Pair-Id=APKAJ62UNSBCMEIPV4HA

[09/07/2017 19:40:36] https://dl-media.viber.com/5/media/2/short/any/sig/image/0x0/c0d6/12445e811953d45b02bc8d0c9c61cdeba3cf889c92ce5376adebeb6aa938c0d6.jpg?Expires=1499613772&Signature=qt0J5yOpfPBk0x16dMPAxIwuo5HSs1so7R8IVOLwtf~uJ3CP59P0dY0slM108osN5wu735PPhnhwnsOVNiSkTrY8ayHFu99ohmF0ZQ1t-XfIFJ~pHMiWAm5xJxpVCh9SmBpjcrlhH8j3EIKpVaOwu4jaeXxIbIkhFO4LusFcUVl4Jyj9nsYd5AwVlDt0k16-ycge6pOFqsmsWLzFArrri8HOvCmGbWNgGSe4n8cRz8vOVnuITwZwD2Ybjniak8FUiy1W0Ayr0hKVDzFiIfQjBM48RGPNKLukHHUeGALOd1iFUXJxAqUYEEcwaEgBLgTz-9jAy~KJUQQiJsuBSA3Quw__&Key-Pair-Id=APKAJ62UNSBCMEIPV4HA

[09/07/2017 19:40:40] https://dl-media.viber.com/5/media/2/short/any/sig/image/0x0/6e33/77225fd79191157b114dfa82fe52851dde1a90004cf4b235c93d6db9088d6e33.jpg?Expires=1499613774&Signature=Qh0T6edoBH9OmblRbK~MLBVdwE4fmlnstbSrv7g2gWnMzZMgp9Hk0bZflzon6p3wt32-Lwy0rHU8QTqv4u05ev84mA4JAJQsdOEXoTQ0rGt0JBxD0FUmc0OmY32Pdl9O8WATjcyiyWW5GohDnydI36OhqXKG5YyRtXq~iD3BHbV6XSWDOb048Zm-mD83m9f3dvxL1oktHuSItvmywzd4o9-kBl0rFxLGhosd5n6Gu0XA-myMliPOVAfZK4KjGxsdgrDH2dVxyh5PABSXzYxAaGCFIDQg-HnGw0sp006-BUYRNoDjoA7U9ReSGJDgeZg0~wnQ2FxfAi3lOhGbaWyJow__&Key-Pair-Id=APKAJ62UNSBCMEIPV4HA

[09/07/2017 19:40:44] https://dl-media.viber.com/4/media/2/short/any/sig/image/0x0/2820/4b18fd6a31935461d7feeb1049a35263a8b93e926ec0c504254bb19680a92820.jpg?Expires=1499614040&Signature=FhY2cqyhO5zTDvBZGbE-EUF9HxjbN6iDIx9n0Cxx9XmwTisV~Bo0mCzlk0wgBmewkFeJbCkN~d11zof6W6ovE3JhKeIRFaWnuvIZ2WN9UNUMFVD8Am8A5E2eCDgVWqWB7kizIaCQHYBlrwZHNpeX012Vh-wCd7l4A8TUhbezDIboEx41EAdegzvTzKtmQ0DY1xnmAER5RKKqkQDeLTnf~paTpTQ60GnFREUFJTSaWY3iOTWIuobtX3AmUktbbaWekWXrx8nopt7M8kpLqfa20U9XD99Gd-lKopLWxsPOAidvDdlIzLDTraHTTtY5eTeY0AUBgjUsaUG8pobfN9ScYw__&Key-Pair-Id=APKAJ62UNSBCMEIPV4HA

[09/07/2017 19:40:46] https://dl-media.viber.com/4/media/2/short/any/sig/image/0x0/6e1e/280c9d881976f308ddd89974309b53bdc41d19fc936167751ef0a8f52a3c6e1e.jpg?Expires=1499614443&Signature=cVs7KHNfiio0nfEla29SzyHJb2Iu2u0pxHwID-Xv2UYijUBI3youj9d9TiKMNOekWqDPcgqH2gRw3pM8lE5axLrzhWwXL1XD9a5Dh79pxouuIQ97R4JNd1VdoQ-I6mOwo-puGVnxSxJwoXrvGFHUtagsEXJLPIjO87PIfYfUkbrzf6WElUoRon6UPxkYxiax2ZdQPlm-nSvrydoTshO-O0ZlA3fEHAKfdsOkMXFOkjc-ZrvObSVC1LJrkq8g2NfnkW1QKDIpzynlBVbwzixLiBK3~yPvScd5siDtgenZ~S1PQngkPc7Bg89Gy5PRdJLQVDkbYHe14Vyr-NChj08hFw__&Key-Pair-Id=APKAJ62UNSBCMEIPV4HA

[09/07/2017 19:40:48] https://dl-media.viber.com/4/media/2/short/any/sig/image/0x0/e8ee/f5dd3b1070e0e0e8785b3400979b92d8a953b4f8dc1c027023695342168ce8ee.jpg?Expires=1499614790&Signature=vtJJWky~dXyaLbsennD1RPNIRWPULjcVa8n05f55eRcu6UsyrQxDfqcWFO67Ecm8LvX2qW3gTHuaxllnSt84EGEO~OaZWLvP4fWGCPMbVp6asK3cqvGgkxiteYIABb8siJZUU3zzIu6~6NeCA0yiqUx4D--M-VbLlVAydyCoXMr2xWgicRkimkEtN9CY4DDy0YEaPSv0m1Sis0xg7u9h2Y00lVbFg52irpuDZ6cMebIH~lWlCafbqIWZBnjhP1GJOc89DxW49bTOQ91wJ7gOtua6amGOZ-xi7QdL2MZ-xM7m6qp6aWy5oa~XWuWf1Otl-TG7Cx9LLtrac4F39d8QDQ__&Key-Pair-Id=APKAJ62UNSBCMEIPV4HA

[09/07/2017 19:40:52] https://dl-media.viber.com/4/media/2/short/any/sig/image/0x0/0813/87873a1e01856d8cec2633d0b2e4555b8e39efc340f81f52db11d2be60390813.jpg?Expires=1499614799&Signature=Ui9ecg2~A2~Ps0POupRTdw~JR7VenSJujn4vmWv0yolNUgCNabpXqH02~DAGJFLde3WyM1BpmsT4dqFKIm6ifYHSSVti5uNvwm6Qoa2Po8GSqNlToohN1Yx6WjYdVFJWxMDxQHL42QqZlRr~lT9TbqHg~ezFR9iz6M0C31SFS9Ungc-d6tK4GH1IeEycYas5Q2CMo-gZ2gAhCzgkXbZyz3utFO4O7tPD1a6MVXkr9KnEMKkG1QYSwlxQLK9EVWrP8-fK8IlCuMVR7gd9ArVIAFFLOlDJ748D-YM63-Oe7NkUFUxUV9-rJUC7CAXdCtY4Oic9SFfzkR3FfbQLy6o4ug__&Key-Pair-Id=APKAJ62UNSBCMEIPV4HA

[09/07/2017 19:50:01] GET FILE LIST

[09/07/2017 20:00:02] GET FILE LIST

[09/07/2017 20:10:01] GET FILE LIST

[09/07/2017 20:20:02] GET FILE LIST

[09/07/2017 20:30:01] GET FILE LIST

[09/07/2017 20:40:01] GET FILE LIST

[09/07/2017 20:50:01] GET FILE LIST

[09/07/2017 21:00:02] GET FILE LIST

[09/07/2017 21:10:01] GET FILE LIST

[09/07/2017 21:10:01] https://dl-media.viber.com/5/media/2/short/any/sig/image/0x0/67e6/0792c6d8dcef12ca6d528e3f0563883aca4bec35b9b0196d4a6512bf702067e6.jpg?Expires=1499619936&Signature=eq~HZOqPQDK2LwLHe5qIZZ8AzgW3PfRkSFSqzApGIjSo3mFe2mUxSnX6Rjg~wRLp9SvL02BYTf~X2in0J2-jwkwzw5YnoEKEYyzC-Pj4BKtRO6SbUfJpr~gebMjytAANOn7ehkUqhVu3ZQ~VTHabhAiirFk9r4ktI8jIUUk3D3EbN-3W-HUHVSGWv~rFe1~8v2skTAinVrnDs-9afj4Pmss26yY-fiR9-2bwCsxxdVY5QAw~pvACiiCqj7UC83HjEsU7ZzZOao9oXH0H0YpiMVB9PSox228N81n9CKjxxUOD00mTHjTANzYVVErBlCRnWRmP8pi68sGmuJD9n1rIMg__&Key-Pair-Id=APKAJ62UNSBCMEIPV4HA

[09/07/2017 21:10:03] https://dl-media.viber.com/5/media/2/short/any/sig/image/0x0/0ab8/e498b6117abc52a634067b2fda5a20cb4020cde811a41abba4a7d995e7d10ab8.jpg?Expires=1499619943&Signature=kArW~cSYgAuYqrPooRPZ~DosEKR2WsoprtYp-cbq7HFuFwr3kQ7SwEJFbF-8uhJWSuyr1IRd-C5D9a6SJghXbss9saOjQAxF1w1If-hhywI342x-ITkIsUqFYWwE0yFQmJoS5CveqA8EY4FwkcfjTYvS-q0ms0oHaHon98-xIFROJVrMoc6e1tdHVRP3Ej4gbFwfjaL8XHqtv0hInDI72rFj7NIZrkE1i2AyocdtlbbJpVxKrD6jkZpRIcOhGcpi81I23nJ3RDECoasYPMu6CPjvNzkKfK0U3BWfHOxBb7YmyaLoK8mVrk1SeZQlwq1t6GT~qQHnocdibTzvxlkL1Q__&Key-Pair-Id=APKAJ62UNSBCMEIPV4HA

[09/07/2017 21:20:02] GET FILE LIST

[09/07/2017 21:30:01] GET FILE LIST

[09/07/2017 21:40:01] GET FILE LIST

[09/07/2017 21:50:02] GET FILE LIST

[09/07/2017 22:00:01] GET FILE LIST

[09/07/2017 22:10:01] GET FILE LIST

[09/07/2017 22:20:01] GET FILE LIST

[09/07/2017 22:30:01] GET FILE LIST

[09/07/2017 22:30:01] https://dl-media.viber.com/5/media/2/short/any/sig/image/0x0/3524/0755b9d68ed64428374b74887168bdb215f0e4f0c299d848fbdb6d03ad893524.jpg?Expires=1499624483&Signature=Pbn6EieI9l~4XfM0a17N03FwTulVrMnpS2g41GM~R9NWCit8949cFes88VTdXfhsRMyrLuvy06ENgOSnkgaXK9SjYcxeJNfeWSuuYZX0J180PQh8pfm25gHfwVGIHqhdcBzwlBnMBGhxDSbCCQuw54wY4Yx2dlxFQX8VO1YnylXiSq-yzwpMViELE9cn5NEojBHoKAeOh6kXw6xLdnCEhKwdr6cWiUjUvchc8W6bhBse0BWtCVCuqanULtZRoJj-IhwyLvBmPX-HMiEAudO993bEM4CEE0jOEfoHDjg24MumgWzW~HdhOUIVSy0oPyfm7cmB4qdMpmEuXBOg1OYLqA__&Key-Pair-Id=APKAJ62UNSBCMEIPV4HA

[09/07/2017 22:30:04] https://dl-media.viber.com/5/media/2/short/any/sig/image/0x0/91b2/42bf4ea918921af239fd2336e37d9f5acda5af33be4bddc8c27956cd6a1a91b2.jpg?Expires=1499624659&Signature=OI0ZK~qxmwtAjBFdymC1f~89eR2INszyWUkSqINlmxTRWA94RO0rdofwdlI53Aqi7NaEt01aetL4o0hjtoA2tanlnA5DJsQZh6aANkuLCEkh3hfRItmbUj3gAkHS-yBeeEcKACgqL9NFBZxXPndaPTbyx-xIMu5zWYw1njYkvc-A2~WhCwT4-0MKfcUlTkRRreVbnxpzBlzAOrefo5i1x0ftcclS9K3foFNt2LeDL1cxgLTb23-UUpaRej1JifcavQ9eAB4Pw7o6Z~FVbXDnOCI4T-auHkFIwY5szh2gL0Rp9MysIVT1klQUHoauEfq-ZpdQsD7ykF9jwUQdNWWzxw__&Key-Pair-Id=APKAJ62UNSBCMEIPV4HA

[09/07/2017 22:40:01] GET FILE LIST

[09/07/2017 22:50:01] GET FILE LIST

[09/07/2017 23:00:01] GET FILE LIST

[09/07/2017 23:10:01] GET FILE LIST

[09/07/2017 23:20:01] GET FILE LIST

[09/07/2017 23:30:02] GET FILE LIST

[09/07/2017 23:40:01] GET FILE LIST

[09/07/2017 23:50:02] GET FILE LIST

[10/07/2017 00:00:01] GET FILE LIST

