[09/07/2017 19:16:09] {
				"sender": {
					"name": "Бот-Юмора",
					"avatar": "https://dl-media.viber.com/4/share/2/long/user/def/image/0x0/8c14/1e15e93e6525a2827304345e4c4cc39ca43da06e2239699864aea153be9f8c14.jpg"
				},
				"tracking_data": "tracking data",
				"type": "text",
				"text": "Амин панель"
			}

[09/07/2017 19:18:00] {
				"sender": {
					"name": "Бот-Юмора",
					"avatar": "https://dl-media.viber.com/4/share/2/long/user/def/image/0x0/8c14/1e15e93e6525a2827304345e4c4cc39ca43da06e2239699864aea153be9f8c14.jpg"
				},
				"tracking_data": "tracking data",
				"type": "text",
				"text": "Амин панель"
			}

[09/07/2017 19:22:20] {
				"sender": {
					"name": "Бот-Юмора",
					"avatar": "https://dl-media.viber.com/4/share/2/long/user/def/image/0x0/8c14/1e15e93e6525a2827304345e4c4cc39ca43da06e2239699864aea153be9f8c14.jpg"
				},
				"tracking_data": "tracking data",
				"type": "text",
				"text": "Амин панель"
			}

[09/07/2017 19:22:21] {
				"sender": {
					"name": "Бот-Юмора",
					"avatar": "https://dl-media.viber.com/4/share/2/long/user/def/image/0x0/8c14/1e15e93e6525a2827304345e4c4cc39ca43da06e2239699864aea153be9f8c14.jpg"
				},
				"tracking_data": "tracking data",
				"type": "text",
				"text": "Амин панель"
			}

[09/07/2017 19:25:07] {
				"sender": {
					"name": "Бот-Юмора",
					"avatar": "https://dl-media.viber.com/4/share/2/long/user/def/image/0x0/8c14/1e15e93e6525a2827304345e4c4cc39ca43da06e2239699864aea153be9f8c14.jpg"
				},
				"tracking_data": "tracking data",
				"type": "text",
				"text": "Амин панель"
			}

[09/07/2017 19:25:29] {
				"sender": {
					"name": "Бот-Юмора",
					"avatar": "https://dl-media.viber.com/4/share/2/long/user/def/image/0x0/8c14/1e15e93e6525a2827304345e4c4cc39ca43da06e2239699864aea153be9f8c14.jpg"
				},
				"tracking_data": "tracking data",
				"type": "text",
				"text": "Амин панель"
			}

[09/07/2017 20:35:35] 

[09/07/2017 20:36:52] stdClass Object
(
    [access_list] => Array
        (
            [0] => 1
            [1] => 2
        )

)


[09/07/2017 20:37:34] stdClass Object
(
    [access_list] => Array
        (
            [0] => CBQEVU2U4yMX6kCrfFkvow==
            [1] => 2
        )

)


[09/07/2017 20:38:33] 

[09/07/2017 20:39:03] 1

[09/07/2017 20:43:15] f

[09/07/2017 20:44:02] f

